[0] Results for test location: 1.1 | [-62 -61 -55 -79 -83 -78 -68]
Closest points are: ['32.4']
Ground truth location: {'x': '8.55', 'y': '1.7'} | [8.55 1.7 ]
location_id: [32.4], location: [32]
estimated_location_coordinates: {'x': '10.82', 'y': '1.1'} | [10.82  1.1 ]
Euclidean distance from ground truth: 2.347956558371555 meters.
Distances: [[13.78404875]]

[1] Results for test location: 2.1 | [-58 -56 -55 -80 -74 -73 -64]
Closest points are: ['3.4']
Ground truth location: {'x': '8.35', 'y': '2.9'} | [8.35 2.9 ]
location_id: [3.4], location: [3]
estimated_location_coordinates: {'x': '8.05', 'y': '1.1'} | [8.05 1.1 ]
Euclidean distance from ground truth: 1.8248287590894656 meters.
Distances: [[6.92820323]]

[2] Results for test location: 3.1 | [-59 -69 -63 -70 -66 -68 -63]
Closest points are: ['11.4']
Ground truth location: {'x': '5.75', 'y': '0.7'} | [5.75 0.7 ]
location_id: [11.4], location: [11]
estimated_location_coordinates: {'x': '3.85', 'y': '1.1'} | [3.85 1.1 ]
Euclidean distance from ground truth: 1.9416487838947598 meters.
Distances: [[9.53939201]]

[3] Results for test location: 4.1 | [-63 -68 -60 -69 -73 -63 -68]
Closest points are: ['11.2']
Ground truth location: {'x': '4.65', 'y': '2.4'} | [4.65 2.4 ]
location_id: [11.2], location: [11]
estimated_location_coordinates: {'x': '3.85', 'y': '1.1'} | [3.85 1.1 ]
Euclidean distance from ground truth: 1.5264337522473748 meters.
Distances: [[8.88819442]]

[4] Results for test location: 5.1 | [-60 -64 -70 -54 -66 -67 -71]
Closest points are: ['14.3']
Ground truth location: {'x': '1.6', 'y': '3.5'} | [1.6 3.5]
location_id: [14.3], location: [14]
estimated_location_coordinates: {'x': '4.55', 'y': '3.3'} | [4.55 3.3 ]
Euclidean distance from ground truth: 2.9567718883945036 meters.
Distances: [[6.]]

[5] Results for test location: 6.1 | [-67 -67 -69 -63 -73 -61 -75]
Closest points are: ['10.2']
Ground truth location: {'x': '4.85', 'y': '4.2'} | [4.85 4.2 ]
location_id: [10.2], location: [10]
estimated_location_coordinates: {'x': '4.35', 'y': '2.7'} | [4.35 2.7 ]
Euclidean distance from ground truth: 1.5811388300841898 meters.
Distances: [[7.41619849]]

[6] Results for test location: 7.1 | [-67 -71 -78 -51 -63 -62 -72]
Closest points are: ['20.3']
Ground truth location: {'x': '2.2', 'y': '5.59'} | [2.2  5.59]
location_id: [20.3], location: [20]
estimated_location_coordinates: {'x': '2.1', 'y': '4.09'} | [2.1  4.09]
Euclidean distance from ground truth: 1.503329637837291 meters.
Distances: [[9.43398113]]

[7] Results for test location: 8.1 | [-71 -78 -78 -62 -48 -77 -74]
Closest points are: ['24.3']
Ground truth location: {'x': '1.7', 'y': '7.29'} | [1.7  7.29]
location_id: [24.3], location: [24]
estimated_location_coordinates: {'x': '1.1', 'y': '6.99'} | [1.1  6.99]
Euclidean distance from ground truth: 0.6708203932499367 meters.
Distances: [[11.95826074]]

[8] Results for test location: 9.1 | [-69 -70 -60 -67 -69 -54 -64]
Closest points are: ['25.3']
Ground truth location: {'x': '6.25', 'y': '5.8'} | [6.25 5.8 ]
location_id: [25.3], location: [25]
estimated_location_coordinates: {'x': '6.05', 'y': '6.5'} | [6.05 6.5 ]
Euclidean distance from ground truth: 0.728010988928052 meters.
Distances: [[7.74596669]]

[9] Results for test location: 10.1 | [-63 -69 -63 -72 -67 -53 -61]
Closest points are: ['25.3']
Ground truth location: {'x': '6.05', 'y': '7.3'} | [6.05 7.3 ]
location_id: [25.3], location: [25]
estimated_location_coordinates: {'x': '6.05', 'y': '6.5'} | [6.05 6.5 ]
Euclidean distance from ground truth: 0.7999999999999998 meters.
Distances: [[3.31662479]]

[10] Results for test location: 11.1 | [-69 -74 -63 -67 -69 -41 -69]
Closest points are: ['26.1']
Ground truth location: {'x': '4.25', 'y': '6.39'} | [4.25 6.39]
location_id: [26.1], location: [26]
estimated_location_coordinates: {'x': '4.05', 'y': '6.49'} | [4.05 6.49]
Euclidean distance from ground truth: 0.22360679774997935 meters.
Distances: [[11.26942767]]

[11] Results for test location: 12.1 | [-71 -60 -51 -73 -69 -62 -52]
Closest points are: ['29.1']
Ground truth location: {'x': '9.12', 'y': '4.3'} | [9.12 4.3 ]
location_id: [29.1], location: [29]
estimated_location_coordinates: {'x': '9.92', 'y': '4'} | [9.92 4.  ]
Euclidean distance from ground truth: 0.8544003745317537 meters.
Distances: [[5.38516481]]

[12] Results for test location: 13.1 | [-68 -80 -75 -89 -80 -76 -74]
Closest points are: ['31.1']
Ground truth location: {'x': '12.32', 'y': '6.2'} | [12.32  6.2 ]
location_id: [31.1], location: [31]
estimated_location_coordinates: {'x': '12.02', 'y': '3.6'} | [12.02  3.6 ]
Euclidean distance from ground truth: 2.6172504656604803 meters.
Distances: [[22.7815715]]

[13] Results for test location: 14.1 | [-75 -66 -73 -78 -83 -71 -69]
Closest points are: ['31.1']
Ground truth location: {'x': '12.22', 'y': '1.3'} | [12.22  1.3 ]
location_id: [31.1], location: [31]
estimated_location_coordinates: {'x': '12.02', 'y': '3.6'} | [12.02  3.6 ]
Euclidean distance from ground truth: 2.308679276123039 meters.
Distances: [[10.09950494]]

------------Results----------------
min error:      0.22360679774997935
max error:      2.9567718883945036
mean error:     1.5632054647258842
median error:   1.5537862911657823
stddev:         0.793493246470308
25 percentile:  0.8136000936329383
50 percentile:  1.5537862911657823
75 percentile:  2.216921653065969
