[0] Results for test location: 1.1 | [-62 -61 -55  42  42 -78 -68]
Closest points are: ['32.4']
Ground truth location: {'x': '8.55', 'y': '1.7'} | [8.55 1.7 ]
location_id: [32.4], location: [32]
estimated_location_coordinates: {'x': '10.82', 'y': '1.1'} | [10.82  1.1 ]
Euclidean distance from ground truth: 2.347956558371555 meters.
Distances: [[11.48912529]]

[1] Results for test location: 2.1 | [-58 -56 -55  42 -74 -73 -64]
Closest points are: ['5.4']
Ground truth location: {'x': '8.35', 'y': '2.9'} | [8.35 2.9 ]
location_id: [5.4], location: [5]
estimated_location_coordinates: {'x': '7.35', 'y': '2.5'} | [7.35 2.5 ]
Euclidean distance from ground truth: 1.0770329614269007 meters.
Distances: [[10.29563014]]

[2] Results for test location: 3.1 | [-59 -69  42 -70  42 -68 -63]
Closest points are: ['10.3']
Ground truth location: {'x': '5.75', 'y': '0.7'} | [5.75 0.7 ]
location_id: [10.3], location: [10]
estimated_location_coordinates: {'x': '4.35', 'y': '2.7'} | [4.35 2.7 ]
Euclidean distance from ground truth: 2.4413111231467406 meters.
Distances: [[10.29563014]]

[3] Results for test location: 4.1 | [-63 -68 -60 -69 -73 -63 -68]
Closest points are: ['11.1']
Ground truth location: {'x': '4.65', 'y': '2.4'} | [4.65 2.4 ]
location_id: [11.1], location: [11]
estimated_location_coordinates: {'x': '3.85', 'y': '1.1'} | [3.85 1.1 ]
Euclidean distance from ground truth: 1.5264337522473748 meters.
Distances: [[9.94987437]]

[4] Results for test location: 5.1 | [-60 -64 -70 -54 -66 -67 -71]
Closest points are: ['13.3']
Ground truth location: {'x': '1.6', 'y': '3.5'} | [1.6 3.5]
location_id: [13.3], location: [13]
estimated_location_coordinates: {'x': '3.75', 'y': '2.8'} | [3.75 2.8 ]
Euclidean distance from ground truth: 2.261083810919003 meters.
Distances: [[6.63324958]]

[5] Results for test location: 6.1 | [-67 -67 -69 -63 -73 -61 -75]
Closest points are: ['10.2']
Ground truth location: {'x': '4.85', 'y': '4.2'} | [4.85 4.2 ]
location_id: [10.2], location: [10]
estimated_location_coordinates: {'x': '4.35', 'y': '2.7'} | [4.35 2.7 ]
Euclidean distance from ground truth: 1.5811388300841898 meters.
Distances: [[7.41619849]]

[6] Results for test location: 7.1 | [-67 -71 -78 -51 -63 -62 -72]
Closest points are: ['13.3']
Ground truth location: {'x': '2.2', 'y': '5.59'} | [2.2  5.59]
location_id: [13.3], location: [13]
estimated_location_coordinates: {'x': '3.75', 'y': '2.8'} | [3.75 2.8 ]
Euclidean distance from ground truth: 3.19164534370597 meters.
Distances: [[14.2126704]]

[7] Results for test location: 8.1 | [-71 -78 -78 -62 -48 -77 -74]
Closest points are: ['24.3']
Ground truth location: {'x': '1.7', 'y': '7.29'} | [1.7  7.29]
location_id: [24.3], location: [24]
estimated_location_coordinates: {'x': '1.1', 'y': '6.99'} | [1.1  6.99]
Euclidean distance from ground truth: 0.6708203932499367 meters.
Distances: [[11.95826074]]

[8] Results for test location: 9.1 | [-69 -70 -60 -67 -69 -54 -64]
Closest points are: ['27.2']
Ground truth location: {'x': '6.25', 'y': '5.8'} | [6.25 5.8 ]
location_id: [27.2], location: [27]
estimated_location_coordinates: {'x': '8.52', 'y': '5.6'} | [8.52 5.6 ]
Euclidean distance from ground truth: 2.2787935404507356 meters.
Distances: [[11.61895004]]

[9] Results for test location: 10.1 | [-63 -69 -63 -72 -67 -53 -61]
Closest points are: ['27.2']
Ground truth location: {'x': '6.05', 'y': '7.3'} | [6.05 7.3 ]
location_id: [27.2], location: [27]
estimated_location_coordinates: {'x': '8.52', 'y': '5.6'} | [8.52 5.6 ]
Euclidean distance from ground truth: 2.9984829497597616 meters.
Distances: [[13.78404875]]

[10] Results for test location: 11.1 | [-69 -74 -63 -67 -69 -41 -69]
Closest points are: ['26.4']
Ground truth location: {'x': '4.25', 'y': '6.39'} | [4.25 6.39]
location_id: [26.4], location: [26]
estimated_location_coordinates: {'x': '4.05', 'y': '6.49'} | [4.05 6.49]
Euclidean distance from ground truth: 0.22360679774997935 meters.
Distances: [[13.26649916]]

[11] Results for test location: 12.1 | [-71 -60 -51  42 -69 -62 -52]
Closest points are: ['7.1']
Ground truth location: {'x': '9.12', 'y': '4.3'} | [9.12 4.3 ]
location_id: [7.1], location: [7]
estimated_location_coordinates: {'x': '6.35', 'y': '1.17'} | [6.35 1.17]
Euclidean distance from ground truth: 4.179688983644596 meters.
Distances: [[11.83215957]]

[12] Results for test location: 13.1 | [-68 -80 -75  42 -80 -76 -74]
Closest points are: ['18.4']
Ground truth location: {'x': '12.32', 'y': '6.2'} | [12.32  6.2 ]
location_id: [18.4], location: [18]
estimated_location_coordinates: {'x': '5.15', 'y': '5'} | [5.15 5.  ]
Euclidean distance from ground truth: 7.269724891631044 meters.
Distances: [[26.60826939]]

[13] Results for test location: 14.1 | [-75 -66  42  42  42 -71 -69]
Closest points are: ['31.4']
Ground truth location: {'x': '12.22', 'y': '1.3'} | [12.22  1.3 ]
location_id: [31.4], location: [31]
estimated_location_coordinates: {'x': '12.02', 'y': '3.6'} | [12.02  3.6 ]
Euclidean distance from ground truth: 2.308679276123039 meters.
Distances: [[12.40967365]]

------------Results----------------
min error:      0.22360679774997935
max error:      7.269724891631044
mean error:     2.4540285151793446
median error:   2.293736408286887
stddev:         1.6643942839366355
25 percentile:  1.5401100217065786
50 percentile:  2.293736408286887
75 percentile:  2.859189993106506
